<?xml version="1.0" encoding="UTF-8"?>
<testng-results ignored="0" total="5" passed="4" failed="1" skipped="0">
  <reporter-output>
  </reporter-output>
  <suite started-at="2021-12-30T15:35:59 MSK" name="CalcTest1" finished-at="2021-12-30T15:35:59 MSK" duration-ms="154">
    <groups>
      <group name="smoke">
        <method signature="CalcTest1.testSum()[pri:0, instance:CalcTest1@646007f4]" name="testSum" class="CalcTest1"/>
      </group> <!-- smoke -->
    </groups>
    <test started-at="2021-12-30T15:35:59 MSK" name="Command line test" finished-at="2021-12-30T15:35:59 MSK" duration-ms="154">
      <class name="CalcTest1">
        <test-method is-config="true" signature="beforeSuite()[pri:0, instance:CalcTest1@646007f4]" started-at="2021-12-30T15:35:59 MSK" name="beforeSuite" finished-at="2021-12-30T15:35:59 MSK" duration-ms="25" status="PASS">
          <reporter-output>
          </reporter-output>
        </test-method> <!-- beforeSuite -->
        <test-method is-config="true" signature="beforeTest()[pri:0, instance:CalcTest1@646007f4]" started-at="2021-12-30T15:35:59 MSK" name="beforeTest" finished-at="2021-12-30T15:35:59 MSK" duration-ms="1" status="PASS">
          <reporter-output>
          </reporter-output>
        </test-method> <!-- beforeTest -->
        <test-method is-config="true" signature="beforeClass()[pri:0, instance:CalcTest1@646007f4]" started-at="2021-12-30T15:35:59 MSK" name="beforeClass" finished-at="2021-12-30T15:35:59 MSK" duration-ms="1" status="PASS">
          <reporter-output>
          </reporter-output>
        </test-method> <!-- beforeClass -->
        <test-method is-config="true" signature="beforeMethod()[pri:0, instance:CalcTest1@646007f4]" started-at="2021-12-30T15:35:59 MSK" name="beforeMethod" finished-at="2021-12-30T15:35:59 MSK" duration-ms="0" status="PASS">
          <reporter-output>
          </reporter-output>
        </test-method> <!-- beforeMethod -->
        <test-method signature="dataProviderTest(int, int, int)[pri:0, instance:CalcTest1@646007f4]" started-at="2021-12-30T15:35:59 MSK" name="dataProviderTest" data-provider="dataForSum" finished-at="2021-12-30T15:35:59 MSK" duration-ms="6" status="PASS">
          <params>
            <param index="0">
              <value>
                <![CDATA[-2]]>
              </value>
            </param>
            <param index="1">
              <value>
                <![CDATA[-3]]>
              </value>
            </param>
            <param index="2">
              <value>
                <![CDATA[-5]]>
              </value>
            </param>
          </params>
          <reporter-output>
          </reporter-output>
        </test-method> <!-- dataProviderTest -->
        <test-method is-config="true" signature="afterMethod()[pri:0, instance:CalcTest1@646007f4]" started-at="2021-12-30T15:35:59 MSK" name="afterMethod" finished-at="2021-12-30T15:35:59 MSK" duration-ms="0" status="PASS">
          <reporter-output>
          </reporter-output>
        </test-method> <!-- afterMethod -->
        <test-method is-config="true" signature="beforeMethod()[pri:0, instance:CalcTest1@646007f4]" started-at="2021-12-30T15:35:59 MSK" name="beforeMethod" finished-at="2021-12-30T15:35:59 MSK" duration-ms="5" status="PASS">
          <reporter-output>
          </reporter-output>
        </test-method> <!-- beforeMethod -->
        <test-method signature="dataProviderTest(int, int, int)[pri:0, instance:CalcTest1@646007f4]" started-at="2021-12-30T15:35:59 MSK" name="dataProviderTest" data-provider="dataForSum" finished-at="2021-12-30T15:35:59 MSK" duration-ms="0" status="PASS">
          <params>
            <param index="0">
              <value>
                <![CDATA[0]]>
              </value>
            </param>
            <param index="1">
              <value>
                <![CDATA[0]]>
              </value>
            </param>
            <param index="2">
              <value>
                <![CDATA[0]]>
              </value>
            </param>
          </params>
          <reporter-output>
          </reporter-output>
        </test-method> <!-- dataProviderTest -->
        <test-method is-config="true" signature="afterMethod()[pri:0, instance:CalcTest1@646007f4]" started-at="2021-12-30T15:35:59 MSK" name="afterMethod" finished-at="2021-12-30T15:35:59 MSK" duration-ms="0" status="PASS">
          <reporter-output>
          </reporter-output>
        </test-method> <!-- afterMethod -->
        <test-method is-config="true" signature="beforeMethod()[pri:0, instance:CalcTest1@646007f4]" started-at="2021-12-30T15:35:59 MSK" name="beforeMethod" finished-at="2021-12-30T15:35:59 MSK" duration-ms="1" status="PASS">
          <reporter-output>
          </reporter-output>
        </test-method> <!-- beforeMethod -->
        <test-method signature="dataProviderTest(int, int, int)[pri:0, instance:CalcTest1@646007f4]" started-at="2021-12-30T15:35:59 MSK" name="dataProviderTest" data-provider="dataForSum" finished-at="2021-12-30T15:35:59 MSK" duration-ms="0" status="PASS">
          <params>
            <param index="0">
              <value>
                <![CDATA[2]]>
              </value>
            </param>
            <param index="1">
              <value>
                <![CDATA[3]]>
              </value>
            </param>
            <param index="2">
              <value>
                <![CDATA[5]]>
              </value>
            </param>
          </params>
          <reporter-output>
          </reporter-output>
        </test-method> <!-- dataProviderTest -->
        <test-method is-config="true" signature="afterMethod()[pri:0, instance:CalcTest1@646007f4]" started-at="2021-12-30T15:35:59 MSK" name="afterMethod" finished-at="2021-12-30T15:35:59 MSK" duration-ms="0" status="PASS">
          <reporter-output>
          </reporter-output>
        </test-method> <!-- afterMethod -->
        <test-method is-config="true" signature="beforeMethod()[pri:0, instance:CalcTest1@646007f4]" started-at="2021-12-30T15:35:59 MSK" name="beforeMethod" finished-at="2021-12-30T15:35:59 MSK" duration-ms="2" status="PASS">
          <reporter-output>
          </reporter-output>
        </test-method> <!-- beforeMethod -->
        <test-method signature="testSum()[pri:0, instance:CalcTest1@646007f4]" started-at="2021-12-30T15:35:59 MSK" name="testSum" description="Test of Sum in my Calculator" finished-at="2021-12-30T15:35:59 MSK" duration-ms="1" status="PASS">
          <reporter-output>
          </reporter-output>
        </test-method> <!-- testSum -->
        <test-method is-config="true" signature="afterMethod()[pri:0, instance:CalcTest1@646007f4]" started-at="2021-12-30T15:35:59 MSK" name="afterMethod" finished-at="2021-12-30T15:35:59 MSK" duration-ms="1" status="PASS">
          <reporter-output>
          </reporter-output>
        </test-method> <!-- afterMethod -->
        <test-method is-config="true" signature="beforeMethod()[pri:0, instance:CalcTest1@646007f4]" started-at="2021-12-30T15:35:59 MSK" name="beforeMethod" finished-at="2021-12-30T15:35:59 MSK" duration-ms="1" status="PASS">
          <reporter-output>
          </reporter-output>
        </test-method> <!-- beforeMethod -->
        <test-method signature="testSum1()[pri:0, instance:CalcTest1@646007f4]" started-at="2021-12-30T15:35:59 MSK" name="testSum1" finished-at="2021-12-30T15:35:59 MSK" duration-ms="5" status="FAIL">
          <exception class="java.lang.AssertionError">
            <message>
              <![CDATA[expected [6] but found [5]]]>
            </message>
            <full-stacktrace>
              <![CDATA[java.lang.AssertionError: expected [6] but found [5]
at org.testng.Assert.fail(Assert.java:97)
at org.testng.Assert.assertEqualsImpl(Assert.java:136)
at org.testng.Assert.assertEquals(Assert.java:118)
at org.testng.Assert.assertEquals(Assert.java:839)
at org.testng.Assert.assertEquals(Assert.java:849)
at CalcTest1.testSum1(CalcTest1.java:15)
at java.base/jdk.internal.reflect.NativeMethodAccessorImpl.invoke0(Native Method)
at java.base/jdk.internal.reflect.NativeMethodAccessorImpl.invoke(NativeMethodAccessorImpl.java:77)
at java.base/jdk.internal.reflect.DelegatingMethodAccessorImpl.invoke(DelegatingMethodAccessorImpl.java:43)
at java.base/java.lang.reflect.Method.invoke(Method.java:568)
at org.testng.internal.MethodInvocationHelper.invokeMethod(MethodInvocationHelper.java:134)
at org.testng.internal.TestInvoker.invokeMethod(TestInvoker.java:597)
at org.testng.internal.TestInvoker.invokeTestMethod(TestInvoker.java:173)
at org.testng.internal.MethodRunner.runInSequence(MethodRunner.java:46)
at org.testng.internal.TestInvoker$MethodInvocationAgent.invoke(TestInvoker.java:816)
at org.testng.internal.TestInvoker.invokeTestMethods(TestInvoker.java:146)
at org.testng.internal.TestMethodWorker.invokeTestMethods(TestMethodWorker.java:146)
at org.testng.internal.TestMethodWorker.run(TestMethodWorker.java:128)
at java.base/java.util.ArrayList.forEach(ArrayList.java:1511)
at org.testng.TestRunner.privateRun(TestRunner.java:766)
at org.testng.TestRunner.run(TestRunner.java:587)
at org.testng.SuiteRunner.runTest(SuiteRunner.java:384)
at org.testng.SuiteRunner.runSequentially(SuiteRunner.java:378)
at org.testng.SuiteRunner.privateRun(SuiteRunner.java:337)
at org.testng.SuiteRunner.run(SuiteRunner.java:286)
at org.testng.SuiteRunnerWorker.runSuite(SuiteRunnerWorker.java:53)
at org.testng.SuiteRunnerWorker.run(SuiteRunnerWorker.java:96)
at org.testng.TestNG.runSuitesSequentially(TestNG.java:1187)
at org.testng.TestNG.runSuitesLocally(TestNG.java:1109)
at org.testng.TestNG.runSuites(TestNG.java:1039)
at org.testng.TestNG.run(TestNG.java:1007)
at org.apache.maven.surefire.testng.TestNGExecutor.run(TestNGExecutor.java:77)
at org.apache.maven.surefire.testng.TestNGDirectoryTestSuite.execute(TestNGDirectoryTestSuite.java:110)
at org.apache.maven.surefire.testng.TestNGProvider.invoke(TestNGProvider.java:106)
at java.base/jdk.internal.reflect.NativeMethodAccessorImpl.invoke0(Native Method)
at java.base/jdk.internal.reflect.NativeMethodAccessorImpl.invoke(NativeMethodAccessorImpl.java:77)
at java.base/jdk.internal.reflect.DelegatingMethodAccessorImpl.invoke(DelegatingMethodAccessorImpl.java:43)
at java.base/java.lang.reflect.Method.invoke(Method.java:568)
at org.apache.maven.surefire.util.ReflectionUtils.invokeMethodWithArray(ReflectionUtils.java:189)
at org.apache.maven.surefire.booter.ProviderFactory$ProviderProxy.invoke(ProviderFactory.java:165)
at org.apache.maven.surefire.booter.ProviderFactory.invokeProvider(ProviderFactory.java:85)
at org.apache.maven.surefire.booter.ForkedBooter.runSuitesInProcess(ForkedBooter.java:115)
at org.apache.maven.surefire.booter.ForkedBooter.main(ForkedBooter.java:75)
]]>
            </full-stacktrace>
          </exception> <!-- java.lang.AssertionError -->
          <reporter-output>
          </reporter-output>
        </test-method> <!-- testSum1 -->
        <test-method is-config="true" signature="afterMethod()[pri:0, instance:CalcTest1@646007f4]" started-at="2021-12-30T15:35:59 MSK" name="afterMethod" finished-at="2021-12-30T15:35:59 MSK" duration-ms="0" status="PASS">
          <reporter-output>
          </reporter-output>
        </test-method> <!-- afterMethod -->
        <test-method is-config="true" signature="afterClass()[pri:0, instance:CalcTest1@646007f4]" started-at="2021-12-30T15:35:59 MSK" name="afterClass" finished-at="2021-12-30T15:35:59 MSK" duration-ms="2" status="PASS">
          <reporter-output>
          </reporter-output>
        </test-method> <!-- afterClass -->
        <test-method is-config="true" signature="afterTest()[pri:0, instance:CalcTest1@646007f4]" started-at="2021-12-30T15:35:59 MSK" name="afterTest" finished-at="2021-12-30T15:35:59 MSK" duration-ms="1" status="PASS">
          <reporter-output>
          </reporter-output>
        </test-method> <!-- afterTest -->
        <test-method is-config="true" signature="afterSuite()[pri:0, instance:CalcTest1@646007f4]" started-at="2021-12-30T15:36:00 MSK" name="afterSuite" finished-at="2021-12-30T15:36:00 MSK" duration-ms="1" status="PASS">
          <reporter-output>
          </reporter-output>
        </test-method> <!-- afterSuite -->
      </class> <!-- CalcTest1 -->
    </test> <!-- Command line test -->
  </suite> <!-- CalcTest1 -->
</testng-results>
